Traceback (most recent call last):
  File "detect_object_sms.py", line 211, in <module>
    key = cv2.waitKey(1) & 0xFF
  File "detect_object_sms.py", line 21, in signal_handler
    with writer:
AttributeError: __enter__
Traceback (most recent call last):
  File "/usr/lib/python3.7/multiprocessing/util.py", line 265, in _run_finalizers
    finalizer()
  File "/usr/lib/python3.7/multiprocessing/util.py", line 189, in __call__
    res = self._callback(*self._args, **self._kwargs)
  File "/usr/lib/python3.7/multiprocessing/queues.py", line 192, in _finalize_join
    thread.join()
  File "/usr/lib/python3.7/threading.py", line 1032, in join
    self._wait_for_tstate_lock()
  File "/usr/lib/python3.7/threading.py", line 1048, in _wait_for_tstate_lock
    elif lock.acquire(block, timeout):
  File "detect_object_sms.py", line 21, in signal_handler
    with writer:
AttributeError: __enter__
